This is pdfTeX, Version 3.14159265-2.6-1.40.15 (TeX Live 2014) (preloaded format=pdflatex 2015.2.20)  15 DEC 2015 18:19
entering extended mode
 restricted \write18 enabled.
 %&-line parsing enabled.
**main.tex
(./main.tex
LaTeX2e <2014/05/01>
Babel <3.9k> and hyphenation patterns for 78 languages loaded.
(./USiena_tesiLM.cls

LaTeX Warning: You have requested document class `USiena_tesiLM',
               but the document class provides `USiena_tesi'.

Document Class: USiena_tesi 28/2/2006 v1.0 Classe Latex per le tesi dell'Univer
sita` di Siena
(/usr/local/texlive/2014/texmf-dist/tex/latex/base/book.cls
Document Class: book 2007/10/19 v1.4h Standard LaTeX document class
(/usr/local/texlive/2014/texmf-dist/tex/latex/base/bk11.clo
File: bk11.clo 2007/10/19 v1.4h Standard LaTeX file (size option)
)
\c@part=\count79
\c@chapter=\count80
\c@section=\count81
\c@subsection=\count82
\c@subsubsection=\count83
\c@paragraph=\count84
\c@subparagraph=\count85
\c@figure=\count86
\c@table=\count87
\abovecaptionskip=\skip41
\belowcaptionskip=\skip42
\bibindent=\dimen102
)
(/usr/local/texlive/2014/texmf-dist/tex/latex/amsmath/amsmath.sty
Package: amsmath 2013/01/14 v2.14 AMS math features
\@mathmargin=\skip43

For additional information on amsmath, use the `?' option.
(/usr/local/texlive/2014/texmf-dist/tex/latex/amsmath/amstext.sty
Package: amstext 2000/06/29 v2.01

(/usr/local/texlive/2014/texmf-dist/tex/latex/amsmath/amsgen.sty
File: amsgen.sty 1999/11/30 v2.0
\@emptytoks=\toks14
\ex@=\dimen103
))
(/usr/local/texlive/2014/texmf-dist/tex/latex/amsmath/amsbsy.sty
Package: amsbsy 1999/11/29 v1.2d
\pmbraise@=\dimen104
)
(/usr/local/texlive/2014/texmf-dist/tex/latex/amsmath/amsopn.sty
Package: amsopn 1999/12/14 v2.01 operator names
)
\inf@bad=\count88
LaTeX Info: Redefining \frac on input line 210.
\uproot@=\count89
\leftroot@=\count90
LaTeX Info: Redefining \overline on input line 306.
\classnum@=\count91
\DOTSCASE@=\count92
LaTeX Info: Redefining \ldots on input line 378.
LaTeX Info: Redefining \dots on input line 381.
LaTeX Info: Redefining \cdots on input line 466.
\Mathstrutbox@=\box26
\strutbox@=\box27
\big@size=\dimen105
LaTeX Font Info:    Redeclaring font encoding OML on input line 566.
LaTeX Font Info:    Redeclaring font encoding OMS on input line 567.
\macc@depth=\count93
\c@MaxMatrixCols=\count94
\dotsspace@=\muskip10
\c@parentequation=\count95
\dspbrk@lvl=\count96
\tag@help=\toks15
\row@=\count97
\column@=\count98
\maxfields@=\count99
\andhelp@=\toks16
\eqnshift@=\dimen106
\alignsep@=\dimen107
\tagshift@=\dimen108
\tagwidth@=\dimen109
\totwidth@=\dimen110
\lineht@=\dimen111
\@envbody=\toks17
\multlinegap=\skip44
\multlinetaggap=\skip45
\mathdisplay@stack=\toks18
LaTeX Info: Redefining \[ on input line 2665.
LaTeX Info: Redefining \] on input line 2666.
)
(/usr/local/texlive/2014/texmf-dist/tex/latex/amsfonts/amsfonts.sty
Package: amsfonts 2013/01/14 v3.01 Basic AMSFonts support
\symAMSa=\mathgroup4
\symAMSb=\mathgroup5
LaTeX Font Info:    Overwriting math alphabet `\mathfrak' in version `bold'
(Font)                  U/euf/m/n --> U/euf/b/n on input line 106.
)
(/usr/local/texlive/2014/texmf-dist/tex/generic/babel/babel.sty
Package: babel 2014/03/24 3.9k The Babel package

(/usr/local/texlive/2014/texmf-dist/tex/generic/babel-italian/italian.ldf
Language: italian 2014/03/29 v1.3k Italian support from the babel system

(/usr/local/texlive/2014/texmf-dist/tex/generic/babel/babel.def
File: babel.def 2014/03/24 3.9k Babel common definitions
\babel@savecnt=\count100
\U@D=\dimen112
)
\it@lettering=\count101
\it@doublequoteactive=\count102
\it@ISOcompliance=\count103
\Virgola=\count104
))
(/usr/local/texlive/2014/texmf-dist/tex/latex/etoolbox/etoolbox.sty
Package: etoolbox 2011/01/03 v2.1 e-TeX tools for LaTeX

(/usr/local/texlive/2014/texmf-dist/tex/latex/etex-pkg/etex.sty
Package: etex 1998/03/26 v2.0 eTeX basic definition package (PEB)
\et@xins=\count105
)
\etb@tempcnta=\count106
)
(/usr/local/texlive/2014/texmf-dist/tex/latex/graphics/graphicx.sty
Package: graphicx 2014/04/25 v1.0g Enhanced LaTeX Graphics (DPC,SPQR)

(/usr/local/texlive/2014/texmf-dist/tex/latex/graphics/keyval.sty
Package: keyval 2014/05/08 v1.15 key=value parser (DPC)
\KV@toks@=\toks19
)
(/usr/local/texlive/2014/texmf-dist/tex/latex/graphics/graphics.sty
Package: graphics 2009/02/05 v1.0o Standard LaTeX Graphics (DPC,SPQR)

(/usr/local/texlive/2014/texmf-dist/tex/latex/graphics/trig.sty
Package: trig 1999/03/16 v1.09 sin cos tan (DPC)
)
(/usr/local/texlive/2014/texmf-dist/tex/latex/latexconfig/graphics.cfg
File: graphics.cfg 2010/04/23 v1.9 graphics configuration of TeX Live
)
Package graphics Info: Driver file: pdftex.def on input line 91.

(/usr/local/texlive/2014/texmf-dist/tex/latex/pdftex-def/pdftex.def
File: pdftex.def 2011/05/27 v0.06d Graphics/color for pdfTeX

(/usr/local/texlive/2014/texmf-dist/tex/generic/oberdiek/infwarerr.sty
Package: infwarerr 2010/04/08 v1.3 Providing info/warning/error messages (HO)
)
(/usr/local/texlive/2014/texmf-dist/tex/generic/oberdiek/ltxcmds.sty
Package: ltxcmds 2011/11/09 v1.22 LaTeX kernel commands for general use (HO)
)
\Gread@gobject=\count107
))
\Gin@req@height=\dimen113
\Gin@req@width=\dimen114
))
(/usr/local/texlive/2014/texmf-dist/tex/latex/amsfonts/amssymb.sty
Package: amssymb 2013/01/14 v3.01 AMS font symbols
)
(/usr/local/texlive/2014/texmf-dist/tex/latex/base/fontenc.sty
Package: fontenc 2005/09/27 v1.99g Standard LaTeX package

(/usr/local/texlive/2014/texmf-dist/tex/latex/base/t1enc.def
File: t1enc.def 2005/09/27 v1.99g Standard LaTeX file
LaTeX Font Info:    Redeclaring font encoding T1 on input line 43.
))
(/usr/local/texlive/2014/texmf-dist/tex/latex/subfigure/subfigure.sty
Package: subfigure 2002/03/15 v2.1.5 subfigure package
\subfigtopskip=\skip46
\subfigcapskip=\skip47
\subfigcaptopadj=\dimen115
\subfigbottomskip=\skip48
\subfigcapmargin=\dimen116
\subfiglabelskip=\skip49
\c@subfigure=\count108
\c@lofdepth=\count109
\c@subtable=\count110
\c@lotdepth=\count111

****************************************
* Local config file subfigure.cfg used *
****************************************
(/usr/local/texlive/2014/texmf-dist/tex/latex/subfigure/subfigure.cfg)
\subfig@top=\skip50
\subfig@bottom=\skip51
)
(/usr/local/texlive/2014/texmf-dist/tex/latex/base/inputenc.sty
Package: inputenc 2014/04/30 v1.2b Input encoding file
\inpenc@prehook=\toks20
\inpenc@posthook=\toks21

(/usr/local/texlive/2014/texmf-dist/tex/latex/base/utf8.def
File: utf8.def 2008/04/05 v1.1m UTF-8 support for inputenc
Now handling font encoding OML ...
... no UTF-8 mapping file for font encoding OML
Now handling font encoding T1 ...
... processing UTF-8 mapping file for font encoding T1

(/usr/local/texlive/2014/texmf-dist/tex/latex/base/t1enc.dfu
File: t1enc.dfu 2008/04/05 v1.1m UTF-8 support for inputenc
   defining Unicode char U+00A1 (decimal 161)
   defining Unicode char U+00A3 (decimal 163)
   defining Unicode char U+00AB (decimal 171)
   defining Unicode char U+00BB (decimal 187)
   defining Unicode char U+00BF (decimal 191)
   defining Unicode char U+00C0 (decimal 192)
   defining Unicode char U+00C1 (decimal 193)
   defining Unicode char U+00C2 (decimal 194)
   defining Unicode char U+00C3 (decimal 195)
   defining Unicode char U+00C4 (decimal 196)
   defining Unicode char U+00C5 (decimal 197)
   defining Unicode char U+00C6 (decimal 198)
   defining Unicode char U+00C7 (decimal 199)
   defining Unicode char U+00C8 (decimal 200)
   defining Unicode char U+00C9 (decimal 201)
   defining Unicode char U+00CA (decimal 202)
   defining Unicode char U+00CB (decimal 203)
   defining Unicode char U+00CC (decimal 204)
   defining Unicode char U+00CD (decimal 205)
   defining Unicode char U+00CE (decimal 206)
   defining Unicode char U+00CF (decimal 207)
   defining Unicode char U+00D0 (decimal 208)
   defining Unicode char U+00D1 (decimal 209)
   defining Unicode char U+00D2 (decimal 210)
   defining Unicode char U+00D3 (decimal 211)
   defining Unicode char U+00D4 (decimal 212)
   defining Unicode char U+00D5 (decimal 213)
   defining Unicode char U+00D6 (decimal 214)
   defining Unicode char U+00D8 (decimal 216)
   defining Unicode char U+00D9 (decimal 217)
   defining Unicode char U+00DA (decimal 218)
   defining Unicode char U+00DB (decimal 219)
   defining Unicode char U+00DC (decimal 220)
   defining Unicode char U+00DD (decimal 221)
   defining Unicode char U+00DE (decimal 222)
   defining Unicode char U+00DF (decimal 223)
   defining Unicode char U+00E0 (decimal 224)
   defining Unicode char U+00E1 (decimal 225)
   defining Unicode char U+00E2 (decimal 226)
   defining Unicode char U+00E3 (decimal 227)
   defining Unicode char U+00E4 (decimal 228)
   defining Unicode char U+00E5 (decimal 229)
   defining Unicode char U+00E6 (decimal 230)
   defining Unicode char U+00E7 (decimal 231)
   defining Unicode char U+00E8 (decimal 232)
   defining Unicode char U+00E9 (decimal 233)
   defining Unicode char U+00EA (decimal 234)
   defining Unicode char U+00EB (decimal 235)
   defining Unicode char U+00EC (decimal 236)
   defining Unicode char U+00ED (decimal 237)
   defining Unicode char U+00EE (decimal 238)
   defining Unicode char U+00EF (decimal 239)
   defining Unicode char U+00F0 (decimal 240)
   defining Unicode char U+00F1 (decimal 241)
   defining Unicode char U+00F2 (decimal 242)
   defining Unicode char U+00F3 (decimal 243)
   defining Unicode char U+00F4 (decimal 244)
   defining Unicode char U+00F5 (decimal 245)
   defining Unicode char U+00F6 (decimal 246)
   defining Unicode char U+00F8 (decimal 248)
   defining Unicode char U+00F9 (decimal 249)
   defining Unicode char U+00FA (decimal 250)
   defining Unicode char U+00FB (decimal 251)
   defining Unicode char U+00FC (decimal 252)
   defining Unicode char U+00FD (decimal 253)
   defining Unicode char U+00FE (decimal 254)
   defining Unicode char U+00FF (decimal 255)
   defining Unicode char U+0102 (decimal 258)
   defining Unicode char U+0103 (decimal 259)
   defining Unicode char U+0104 (decimal 260)
   defining Unicode char U+0105 (decimal 261)
   defining Unicode char U+0106 (decimal 262)
   defining Unicode char U+0107 (decimal 263)
   defining Unicode char U+010C (decimal 268)
   defining Unicode char U+010D (decimal 269)
   defining Unicode char U+010E (decimal 270)
   defining Unicode char U+010F (decimal 271)
   defining Unicode char U+0110 (decimal 272)
   defining Unicode char U+0111 (decimal 273)
   defining Unicode char U+0118 (decimal 280)
   defining Unicode char U+0119 (decimal 281)
   defining Unicode char U+011A (decimal 282)
   defining Unicode char U+011B (decimal 283)
   defining Unicode char U+011E (decimal 286)
   defining Unicode char U+011F (decimal 287)
   defining Unicode char U+0130 (decimal 304)
   defining Unicode char U+0131 (decimal 305)
   defining Unicode char U+0132 (decimal 306)
   defining Unicode char U+0133 (decimal 307)
   defining Unicode char U+0139 (decimal 313)
   defining Unicode char U+013A (decimal 314)
   defining Unicode char U+013D (decimal 317)
   defining Unicode char U+013E (decimal 318)
   defining Unicode char U+0141 (decimal 321)
   defining Unicode char U+0142 (decimal 322)
   defining Unicode char U+0143 (decimal 323)
   defining Unicode char U+0144 (decimal 324)
   defining Unicode char U+0147 (decimal 327)
   defining Unicode char U+0148 (decimal 328)
   defining Unicode char U+014A (decimal 330)
   defining Unicode char U+014B (decimal 331)
   defining Unicode char U+0150 (decimal 336)
   defining Unicode char U+0151 (decimal 337)
   defining Unicode char U+0152 (decimal 338)
   defining Unicode char U+0153 (decimal 339)
   defining Unicode char U+0154 (decimal 340)
   defining Unicode char U+0155 (decimal 341)
   defining Unicode char U+0158 (decimal 344)
   defining Unicode char U+0159 (decimal 345)
   defining Unicode char U+015A (decimal 346)
   defining Unicode char U+015B (decimal 347)
   defining Unicode char U+015E (decimal 350)
   defining Unicode char U+015F (decimal 351)
   defining Unicode char U+0160 (decimal 352)
   defining Unicode char U+0161 (decimal 353)
   defining Unicode char U+0162 (decimal 354)
   defining Unicode char U+0163 (decimal 355)
   defining Unicode char U+0164 (decimal 356)
   defining Unicode char U+0165 (decimal 357)
   defining Unicode char U+016E (decimal 366)
   defining Unicode char U+016F (decimal 367)
   defining Unicode char U+0170 (decimal 368)
   defining Unicode char U+0171 (decimal 369)
   defining Unicode char U+0178 (decimal 376)
   defining Unicode char U+0179 (decimal 377)
   defining Unicode char U+017A (decimal 378)
   defining Unicode char U+017B (decimal 379)
   defining Unicode char U+017C (decimal 380)
   defining Unicode char U+017D (decimal 381)
   defining Unicode char U+017E (decimal 382)
   defining Unicode char U+200C (decimal 8204)
   defining Unicode char U+2013 (decimal 8211)
   defining Unicode char U+2014 (decimal 8212)
   defining Unicode char U+2018 (decimal 8216)
   defining Unicode char U+2019 (decimal 8217)
   defining Unicode char U+201A (decimal 8218)
   defining Unicode char U+201C (decimal 8220)
   defining Unicode char U+201D (decimal 8221)
   defining Unicode char U+201E (decimal 8222)
   defining Unicode char U+2030 (decimal 8240)
   defining Unicode char U+2031 (decimal 8241)
   defining Unicode char U+2039 (decimal 8249)
   defining Unicode char U+203A (decimal 8250)
   defining Unicode char U+2423 (decimal 9251)
)
Now handling font encoding OT1 ...
... processing UTF-8 mapping file for font encoding OT1

(/usr/local/texlive/2014/texmf-dist/tex/latex/base/ot1enc.dfu
File: ot1enc.dfu 2008/04/05 v1.1m UTF-8 support for inputenc
   defining Unicode char U+00A1 (decimal 161)
   defining Unicode char U+00A3 (decimal 163)
   defining Unicode char U+00B8 (decimal 184)
   defining Unicode char U+00BF (decimal 191)
   defining Unicode char U+00C5 (decimal 197)
   defining Unicode char U+00C6 (decimal 198)
   defining Unicode char U+00D8 (decimal 216)
   defining Unicode char U+00DF (decimal 223)
   defining Unicode char U+00E6 (decimal 230)
   defining Unicode char U+00EC (decimal 236)
   defining Unicode char U+00ED (decimal 237)
   defining Unicode char U+00EE (decimal 238)
   defining Unicode char U+00EF (decimal 239)
   defining Unicode char U+00F8 (decimal 248)
   defining Unicode char U+0131 (decimal 305)
   defining Unicode char U+0141 (decimal 321)
   defining Unicode char U+0142 (decimal 322)
   defining Unicode char U+0152 (decimal 338)
   defining Unicode char U+0153 (decimal 339)
   defining Unicode char U+2013 (decimal 8211)
   defining Unicode char U+2014 (decimal 8212)
   defining Unicode char U+2018 (decimal 8216)
   defining Unicode char U+2019 (decimal 8217)
   defining Unicode char U+201C (decimal 8220)
   defining Unicode char U+201D (decimal 8221)
)
Now handling font encoding OMS ...
... processing UTF-8 mapping file for font encoding OMS

(/usr/local/texlive/2014/texmf-dist/tex/latex/base/omsenc.dfu
File: omsenc.dfu 2008/04/05 v1.1m UTF-8 support for inputenc
   defining Unicode char U+00A7 (decimal 167)
   defining Unicode char U+00B6 (decimal 182)
   defining Unicode char U+00B7 (decimal 183)
   defining Unicode char U+2020 (decimal 8224)
   defining Unicode char U+2021 (decimal 8225)
   defining Unicode char U+2022 (decimal 8226)
)
Now handling font encoding OMX ...
... no UTF-8 mapping file for font encoding OMX
Now handling font encoding U ...
... no UTF-8 mapping file for font encoding U
   defining Unicode char U+00A9 (decimal 169)
   defining Unicode char U+00AA (decimal 170)
   defining Unicode char U+00AE (decimal 174)
   defining Unicode char U+00BA (decimal 186)
   defining Unicode char U+02C6 (decimal 710)
   defining Unicode char U+02DC (decimal 732)
   defining Unicode char U+200C (decimal 8204)
   defining Unicode char U+2026 (decimal 8230)
   defining Unicode char U+2122 (decimal 8482)
   defining Unicode char U+2423 (decimal 9251)
))
(/usr/local/texlive/2014/texmf-dist/tex/latex/frontespizio/frontespizio.sty
Package: frontespizio 2011/09/21 1.4a (Enrico Gregorio)

(/usr/local/texlive/2014/texmf-dist/tex/latex/tools/afterpage.sty
Package: afterpage 1995/10/27 v1.08 After-Page Package (DPC)
\AP@output=\toks22
\AP@partial=\box28
\AP@footins=\box29
)
(/usr/local/texlive/2014/texmf-dist/tex/generic/oberdiek/atbegshi.sty
Package: atbegshi 2011/10/05 v1.16 At begin shipout hook (HO)

(/usr/local/texlive/2014/texmf-dist/tex/generic/oberdiek/ifpdf.sty
Package: ifpdf 2011/01/30 v2.3 Provides the ifpdf switch (HO)
Package ifpdf Info: pdfTeX in PDF mode is detected.
))
(/usr/local/texlive/2014/texmf-dist/tex/latex/environ/environ.sty
Package: environ 2014/05/04 v0.3 A new way to define environments

(/usr/local/texlive/2014/texmf-dist/tex/latex/trimspaces/trimspaces.sty
Package: trimspaces 2009/09/17 v1.1 Trim spaces around a token list
))
(/usr/local/texlive/2014/texmf-dist/tex/generic/ifxetex/ifxetex.sty
Package: ifxetex 2010/09/12 v0.6 Provides ifxetex conditional
)
\front@out=\write3
\openout3 = `main-frn.tex'.

)
(/usr/local/texlive/2014/texmf-dist/tex/latex/multirow/multirow.sty
\bigstrutjot=\dimen117
)
(./main.aux

LaTeX Warning: Label `fig:surplus' multiply defined.

)
\openout1 = `main.aux'.

LaTeX Font Info:    Checking defaults for OML/cmm/m/it on input line 52.
LaTeX Font Info:    ... okay on input line 52.
LaTeX Font Info:    Checking defaults for T1/cmr/m/n on input line 52.
LaTeX Font Info:    ... okay on input line 52.
LaTeX Font Info:    Checking defaults for OT1/cmr/m/n on input line 52.
LaTeX Font Info:    ... okay on input line 52.
LaTeX Font Info:    Checking defaults for OMS/cmsy/m/n on input line 52.
LaTeX Font Info:    ... okay on input line 52.
LaTeX Font Info:    Checking defaults for OMX/cmex/m/n on input line 52.
LaTeX Font Info:    ... okay on input line 52.
LaTeX Font Info:    Checking defaults for U/cmr/m/n on input line 52.
LaTeX Font Info:    ... okay on input line 52.
LaTeX Info: Redefining \it@ocap on input line 52.
LaTeX Info: Redefining \it@ccap on input line 52.
 (/usr/local/texlive/2014/texmf-dist/tex/context/base/supp-pdf.mkii
[Loading MPS to PDF converter (version 2006.09.02).]
\scratchcounter=\count112
\scratchdimen=\dimen118
\scratchbox=\box30
\nofMPsegments=\count113
\nofMParguments=\count114
\everyMPshowfont=\toks23
\MPscratchCnt=\count115
\MPscratchDim=\dimen119
\MPnumerator=\count116
\makeMPintoPDFobject=\count117
\everyMPtoPDFconversion=\toks24
) (/usr/local/texlive/2014/texmf-dist/tex/generic/oberdiek/pdftexcmds.sty
Package: pdftexcmds 2011/11/29 v0.20 Utility functions of pdfTeX for LuaTeX (HO
)

(/usr/local/texlive/2014/texmf-dist/tex/generic/oberdiek/ifluatex.sty
Package: ifluatex 2010/03/01 v1.3 Provides the ifluatex switch (HO)
Package ifluatex Info: LuaTeX not detected.
)
Package pdftexcmds Info: LuaTeX not detected.
Package pdftexcmds Info: \pdf@primitive is available.
Package pdftexcmds Info: \pdf@ifprimitive is available.
Package pdftexcmds Info: \pdfdraftmode found.
)
(/usr/local/texlive/2014/texmf-dist/tex/latex/oberdiek/epstopdf-base.sty
Package: epstopdf-base 2010/02/09 v2.5 Base part for package epstopdf

(/usr/local/texlive/2014/texmf-dist/tex/latex/oberdiek/grfext.sty
Package: grfext 2010/08/19 v1.1 Manage graphics extensions (HO)

(/usr/local/texlive/2014/texmf-dist/tex/generic/oberdiek/kvdefinekeys.sty
Package: kvdefinekeys 2011/04/07 v1.3 Define keys (HO)
))
(/usr/local/texlive/2014/texmf-dist/tex/latex/oberdiek/kvoptions.sty
Package: kvoptions 2011/06/30 v3.11 Key value format for package options (HO)

(/usr/local/texlive/2014/texmf-dist/tex/generic/oberdiek/kvsetkeys.sty
Package: kvsetkeys 2012/04/25 v1.16 Key value parser (HO)

(/usr/local/texlive/2014/texmf-dist/tex/generic/oberdiek/etexcmds.sty
Package: etexcmds 2011/02/16 v1.5 Avoid name clashes with e-TeX commands (HO)
Package etexcmds Info: Could not find \expanded.
(etexcmds)             That can mean that you are not using pdfTeX 1.50 or
(etexcmds)             that some package has redefined \expanded.
(etexcmds)             In the latter case, load this package earlier.
)))
Package grfext Info: Graphics extension search list:
(grfext)             [.png,.pdf,.jpg,.mps,.jpeg,.jbig2,.jb2,.PNG,.PDF,.JPG,.JPE
G,.JBIG2,.JB2,.eps]
(grfext)             \AppendGraphicsExtensions on input line 452.

(/usr/local/texlive/2014/texmf-dist/tex/latex/latexconfig/epstopdf-sys.cfg
File: epstopdf-sys.cfg 2010/07/13 v1.3 Configuration of (r)epstopdf for TeX Liv
e
))
\AtBeginShipoutBox=\box31

<main-frn.pdf, id=1, 597.50829pt x 845.0471pt>
File: main-frn.pdf Graphic file (type pdf)
 <use main-frn.pdf>
Package pdftex.def Info: main-frn.pdf used on input line 54.
(pdftex.def)             Requested size: 597.50682pt x 845.04504pt.
 [1

 <./main-frn.pdf{/usr/local/texlive/2014/texmf-var/fonts/map/pdftex/updmap/pdft
ex.map}>]
[1] [1] [1

] (./main.toc
LaTeX Font Info:    Try loading font information for U+msa on input line 4.

(/usr/local/texlive/2014/texmf-dist/tex/latex/amsfonts/umsa.fd
File: umsa.fd 2013/01/14 v3.01 AMS symbols A
)
LaTeX Font Info:    Try loading font information for U+msb on input line 4.

(/usr/local/texlive/2014/texmf-dist/tex/latex/amsfonts/umsb.fd
File: umsb.fd 2013/01/14 v3.01 AMS symbols B
) [2

])
\tf@toc=\write4
\openout4 = `main.toc'.

 [3]
[1


] [2]
Capitolo 1.

Underfull \hbox (badness 10000) in paragraph at lines 124--126

 []


Underfull \hbox (badness 10000) in paragraph at lines 127--128

 []


Underfull \hbox (badness 10000) in paragraph at lines 129--131

 []

[3

]
Underfull \hbox (badness 10000) in paragraph at lines 136--139

 []


Underfull \hbox (badness 10000) in paragraph at lines 140--144

 []

[4]
Underfull \hbox (badness 10000) in paragraph at lines 145--148

 []

LaTeX Font Info:    Try loading font information for OMS+cmr on input line 151.

(/usr/local/texlive/2014/texmf-dist/tex/latex/base/omscmr.fd
File: omscmr.fd 1999/05/25 v2.5h Standard LaTeX font definitions
)
LaTeX Font Info:    Font shape `OMS/cmr/m/n' in size <10.95> not available
(Font)              Font shape `OMS/cmsy/m/n' tried instead on input line 151.

Underfull \hbox (badness 10000) in paragraph at lines 154--157

 []

[5]
Overfull \hbox (2.7951pt too wide) in paragraph at lines 162--164
\T1/cmr/m/n/10.95 Il te-le-ri-scal-da-men-to è com-par-so per la pri-ma vol-ta 
nel mon-do al-la fi-ne dell'800.
 []


Underfull \hbox (badness 10000) in paragraph at lines 162--164

 []


Underfull \hbox (badness 10000) in paragraph at lines 165--166

 []


Underfull \hbox (badness 10000) in paragraph at lines 167--168

 []


Underfull \hbox (badness 10000) in paragraph at lines 169--170

 []

[6]
Underfull \hbox (badness 10000) in paragraph at lines 171--173

 []


Underfull \hbox (badness 10000) in paragraph at lines 177--178

 []


Underfull \hbox (badness 10000) in paragraph at lines 179--181

 []


Underfull \hbox (badness 10000) in paragraph at lines 182--185

 []

[7]
Underfull \hbox (badness 10000) in paragraph at lines 190--192

 []

[8]
Underfull \hbox (badness 10000) in paragraph at lines 204--206

 []


Underfull \hbox (badness 10000) in paragraph at lines 207--209

 []

[9] <figure/volumetria_teleriscaldata.png, id=89, 1137.24875pt x 672.5125pt>
File: figure/volumetria_teleriscaldata.png Graphic file (type png)

<use figure/volumetria_teleriscaldata.png>
Package pdftex.def Info: figure/volumetria_teleriscaldata.png used on input lin
e 216.
(pdftex.def)             Requested size: 341.9989pt x 202.2376pt.

Underfull \hbox (badness 10000) in paragraph at lines 246--249

 []


Underfull \hbox (badness 10000) in paragraph at lines 251--253

 []

[10 <./figure/volumetria_teleriscaldata.png>]

LaTeX Warning: No positions in optional float specifier.
               Default added (so using `tbp') on input line 259.

[11] <figure/torta_energia.pdf, id=100, 304.33882pt x 201.6836pt>
File: figure/torta_energia.pdf Graphic file (type pdf)

<use figure/torta_energia.pdf>
Package pdftex.def Info: figure/torta_energia.pdf used on input line 287.
(pdftex.def)             Requested size: 270.0pt x 178.9408pt.

<figure/energia_green.pdf, id=101, 401.82985pt x 246.58313pt>
File: figure/energia_green.pdf Graphic file (type pdf)

<use figure/energia_green.pdf>
Package pdftex.def Info: figure/energia_green.pdf used on input line 299.
(pdftex.def)             Requested size: 360.0pt x 220.92192pt.
 [12 <./figure/torta_energia.pdf>]
<figure/tep.pdf, id=121, 409.90059pt x 240.73538pt>
File: figure/tep.pdf Graphic file (type pdf)
 <use figure/tep.pdf>
Package pdftex.def Info: figure/tep.pdf used on input line 309.
(pdftex.def)             Requested size: 360.0pt x 211.44003pt.

[13 <./figure/energia_green.pdf> <./figure/tep.pdf>]
<figure/CO2.pdf, id=158, 391.18916pt x 242.30756pt>
File: figure/CO2.pdf Graphic file (type pdf)
 <use figure/CO2.pdf>
Package pdftex.def Info: figure/CO2.pdf used on input line 320.
(pdftex.def)             Requested size: 360.0pt x 222.9885pt.

Underfull \hbox (badness 10000) in paragraph at lines 325--326

 []


Underfull \hbox (badness 10000) in paragraph at lines 327--330

 []


Underfull \hbox (badness 10000) in paragraph at lines 331--332

 []

[14 <./figure/CO2.pdf>]
Underfull \hbox (badness 10000) in paragraph at lines 333--334

 []


Underfull \hbox (badness 10000) in paragraph at lines 338--340

 []

[15] [16] <figure/toscana.png, id=190, 542.025pt x 612.2875pt>
File: figure/toscana.png Graphic file (type png)

<use figure/toscana.png>
Package pdftex.def Info: figure/toscana.png used on input line 383.
(pdftex.def)             Requested size: 288.0011pt x 325.34233pt.


LaTeX Warning: No positions in optional float specifier.
               Default added (so using `tbp') on input line 392.

[17] [18 <./figure/toscana.png>] [19]
Capitolo 2.
<figure/schema_impianto1.png, id=202, 849.1725pt x 362.35374pt>
File: figure/schema_impianto1.png Graphic file (type png)

<use figure/schema_impianto1.png>
Package pdftex.def Info: figure/schema_impianto1.png used on input line 447.
(pdftex.def)             Requested size: 360.0pt x 153.61955pt.
 [20

] [21 <./figure/schema_impianto1.png>]
<figure/schema_impianto2.png, id=211, 963.6pt x 455.7025pt>
File: figure/schema_impianto2.png Graphic file (type png)

<use figure/schema_impianto2.png>
Package pdftex.def Info: figure/schema_impianto2.png used on input line 463.
(pdftex.def)             Requested size: 355.65944pt x 168.19702pt.

<figure/schema_impianto3.png, id=212, 645.41125pt x 454.69875pt>
File: figure/schema_impianto3.png Graphic file (type png)

<use figure/schema_impianto3.png>
Package pdftex.def Info: figure/schema_impianto3.png used on input line 466.
(pdftex.def)             Requested size: 241.84842pt x 170.37978pt.
 [22] [23 <./figure/schema_impianto2.png> <./figure/schema_impianto3.png>] [24]
 [25] [26]
<figure/3vie.png, id=232, 847.165pt x 356.33125pt>
File: figure/3vie.png Graphic file (type png)
 <use figure/3vie.png>
Package pdftex.def Info: figure/3vie.png used on input line 600.
(pdftex.def)             Requested size: 323.9978pt x 136.27722pt.

[27] <figure/2vie.png, id=236, 847.165pt x 356.33125pt>
File: figure/2vie.png Graphic file (type png)
 <use figure/2vie.png>
Package pdftex.def Info: figure/2vie.png used on input line 624.
(pdftex.def)             Requested size: 323.9978pt x 136.27722pt.

[28 <./figure/3vie.png>] [29 <./figure/2vie.png>]
<figure/giri_variabili.png, id=245, 934.49126pt x 609.27625pt>
File: figure/giri_variabili.png Graphic file (type png)

<use figure/giri_variabili.png>
Package pdftex.def Info: figure/giri_variabili.png used on input line 648.
(pdftex.def)             Requested size: 288.0011pt x 187.77666pt.
 [30 <./figure/giri_variabili.png>] [31]
Capitolo 3.
[32

] <figure/scambiatore.png, id=257, 614.295pt x 422.57875pt>
File: figure/scambiatore.png Graphic file (type png)

<use figure/scambiatore.png>
Package pdftex.def Info: figure/scambiatore.png used on input line 687.
(pdftex.def)             Requested size: 233.9978pt x 160.96848pt.
 [33 <./figure/scambiatore.png>]
<figure/grafico_scambiatore.png, id=264, 770.88pt x 224.84pt>
File: figure/grafico_scambiatore.png Graphic file (type png)

<use figure/grafico_scambiatore.png>
Package pdftex.def Info: figure/grafico_scambiatore.png used on input line 723.

(pdftex.def)             Requested size: 341.9989pt x 99.74985pt.
 [34 <./figure/grafico_scambiatore.png>]
<figure/portata.png, id=269, 963.6pt x 340.27126pt>
File: figure/portata.png Graphic file (type png)
 <use figure/portata.png>
Package pdftex.def Info: figure/portata.png used on input line 747.
(pdftex.def)             Requested size: 341.9989pt x 120.76857pt.

<figure/portata2.png, id=270, 963.6pt x 332.24126pt>
File: figure/portata2.png Graphic file (type png)
 <use figure/portata2.png>
Package pdftex.def Info: figure/portata2.png used on input line 757.
(pdftex.def)             Requested size: 341.9989pt x 117.91858pt.

[35 <./figure/portata.png> <./figure/portata2.png>]
<figure/scambio_casa.png, id=276, 963.6pt x 542.025pt>
File: figure/scambio_casa.png Graphic file (type png)

<use figure/scambio_casa.png>
Package pdftex.def Info: figure/scambio_casa.png used on input line 784.
(pdftex.def)             Requested size: 378.0011pt x 212.62122pt.

Overfull \hbox (18.0011pt too wide) in paragraph at lines 784--785
 [] 
 []


LaTeX Warning: `h' float specifier changed to `ht'.

[36] <figure/schema_trasf_calore.jpg, id=281, 858.20625pt x 345.29pt>
File: figure/schema_trasf_calore.jpg Graphic file (type jpg)

<use figure/schema_trasf_calore.jpg>
Package pdftex.def Info: figure/schema_trasf_calore.jpg used on input line 811.

(pdftex.def)             Requested size: 270.0pt x 108.62993pt.
 [37 <./figure/scambio_casa.png (PNG copy)> <./figure/schema_trasf_calore.jpg>]

<figure/RC_parete.png, id=286, 468.75125pt x 542.025pt>
File: figure/RC_parete.png Graphic file (type png)

<use figure/RC_parete.png>
Package pdftex.def Info: figure/RC_parete.png used on input line 845.
(pdftex.def)             Requested size: 130.88284pt x 151.33589pt.

<figure/temp_parete.png, id=287, 676.5275pt x 542.025pt>
File: figure/temp_parete.png Graphic file (type png)

<use figure/temp_parete.png>
Package pdftex.def Info: figure/temp_parete.png used on input line 848.
(pdftex.def)             Requested size: 176.407pt x 141.3367pt.


LaTeX Warning: `h' float specifier changed to `ht'.

[38] <figure/scamb_utenza.png, id=292, 937.5025pt x 473.77pt>
File: figure/scamb_utenza.png Graphic file (type png)

<use figure/scamb_utenza.png>
Package pdftex.def Info: figure/scamb_utenza.png used on input line 860.
(pdftex.def)             Requested size: 323.9978pt x 163.73276pt.


LaTeX Warning: `h' float specifier changed to `ht'.

[39 <./figure/RC_parete.png> <./figure/temp_parete.png>] [40 <./figure/scamb_ut
enza.png>] <figure/perdite_carico.png, id=302, 518.93875pt x 348.30125pt>
File: figure/perdite_carico.png Graphic file (type png)

<use figure/perdite_carico.png>
Package pdftex.def Info: figure/perdite_carico.png used on input line 925.
(pdftex.def)             Requested size: 251.9989pt x 169.13849pt.


LaTeX Warning: `h' float specifier changed to `ht'.

[41] [42 <./figure/perdite_carico.png>] [43]
<figure/pompa_centrifuga.png, id=314, 774.895pt x 685.56125pt>
File: figure/pompa_centrifuga.png Graphic file (type png)

<use figure/pompa_centrifuga.png>
Package pdftex.def Info: figure/pompa_centrifuga.png used on input line 986.
(pdftex.def)             Requested size: 233.9978pt x 207.0194pt.
 [44 <./figure/pompa_centrifuga.png>]
<figure/curve_car.png, id=319, 629.35126pt x 505.89pt>
File: figure/curve_car.png Graphic file (type png)

<use figure/curve_car.png>
Package pdftex.def Info: figure/curve_car.png used on input line 1004.
(pdftex.def)             Requested size: 233.9978pt x 188.09496pt.
 [45 <./figure/curve_car.png>]
<figure/affinita.png, id=324, 709.65125pt x 536.0025pt>
File: figure/affinita.png Graphic file (type png)

<use figure/affinita.png>
Package pdftex.def Info: figure/affinita.png used on input line 1029.
(pdftex.def)             Requested size: 233.9978pt x 176.73415pt.
 [46 <./figure/affinita.png>] [47]
Underfull \hbox (badness 10000) in paragraph at lines 1094--1096

 []

[48]
Capitolo 4.
<figure/elem_scaldanti.png, id=335, 918.43124pt x 524.96124pt>
File: figure/elem_scaldanti.png Graphic file (type png)

<use figure/elem_scaldanti.png>
Package pdftex.def Info: figure/elem_scaldanti.png used on input line 1114.
(pdftex.def)             Requested size: 306.0022pt x 174.90387pt.

<figure/pot_radiatore.png, id=336, 700.6175pt x 447.6725pt>
File: figure/pot_radiatore.png Graphic file (type png)

<use figure/pot_radiatore.png>
Package pdftex.def Info: figure/pot_radiatore.png used on input line 1121.
(pdftex.def)             Requested size: 306.0022pt x 195.52835pt.

Overfull \hbox (5.86388pt too wide) in paragraph at lines 1140--1140
[]\T1/cmr/bx/n/14.4 Funzionamento e im-por-tan-za del-l'u-ti-liz-zo di cen-
 []

[49

] [50 <./figure/elem_scaldanti.png> <./figure/pot_radiatore.png>]

LaTeX Warning: Reference `fig:' on page 51 undefined on input line 1150.

<figure/centralina.png, id=346, 758.835pt x 490.83376pt>
File: figure/centralina.png Graphic file (type png)

<use figure/centralina.png>
Package pdftex.def Info: figure/centralina.png used on input line 1154.
(pdftex.def)             Requested size: 306.0022pt x 197.93277pt.
 [51 <./figure/centralina.png>] [52]
<figure/surplus.png, id=354, 819.06pt x 506.89375pt>
File: figure/surplus.png Graphic file (type png)
 <use figure/surplus.png>
Package pdftex.def Info: figure/surplus.png used on input line 1200.
(pdftex.def)             Requested size: 306.0022pt x 189.38084pt.

<figure/climatica.png, id=355, 860.21375pt x 506.89375pt>
File: figure/climatica.png Graphic file (type png)

<use figure/climatica.png>
Package pdftex.def Info: figure/climatica.png used on input line 1212.
(pdftex.def)             Requested size: 306.0022pt x 180.31593pt.
 [53 <./figure/surplus.png>] [54 <./figure/climatica.png>] <figure/PI.png, id=3
65, 950.55125pt x 272.01625pt>
File: figure/PI.png Graphic file (type png)
 <use figure/PI.png>
Package pdftex.def Info: figure/PI.png used on input line 1246.
(pdftex.def)             Requested size: 341.9989pt x 97.86766pt.

Underfull \hbox (badness 10000) in paragraph at lines 1254--1258

 []

[55 <./figure/PI.png>]
<figure/strozzatura.png, id=371, 685.56125pt x 542.025pt>
File: figure/strozzatura.png Graphic file (type png)

<use figure/strozzatura.png>
Package pdftex.def Info: figure/strozzatura.png used on input line 1277.
(pdftex.def)             Requested size: 270.0pt x 213.47308pt.
 [56]
<figure/var_velocita.png, id=375, 685.56125pt x 542.025pt>
File: figure/var_velocita.png Graphic file (type png)

<use figure/var_velocita.png>
Package pdftex.def Info: figure/var_velocita.png used on input line 1286.
(pdftex.def)             Requested size: 270.0pt x 213.47308pt.
 [57 <./figure/strozzatura.png> <./figure/var_velocita.png>]

LaTeX Warning: No positions in optional float specifier.
               Default added (so using `tbp') on input line 1300.


LaTeX Warning: No positions in optional float specifier.
               Default added (so using `tbp') on input line 1317.

[58] [59]
Capitolo 5.
[60

] (./AppendiceA.tex) (./main.bbl [61


]) [62

] (./main.aux)

LaTeX Warning: There were undefined references.


LaTeX Warning: There were multiply-defined labels.

 ) 
Here is how much of TeX's memory you used:
 4392 strings out of 493117
 58482 string characters out of 6135433
 139899 words of memory out of 5000000
 7693 multiletter control sequences out of 15000+600000
 21437 words of font info for 55 fonts, out of 8000000 for 9000
 1141 hyphenation exceptions out of 8191
 38i,16n,26p,2146b,314s stack positions out of 5000i,500n,10000p,200000b,80000s
{/usr/local/texlive/2014/texmf-dist/fonts/enc/dvips/cm-super/cm-super-t1.enc}
</usr/local/texlive/2014/texmf-dist/fonts/type1/public/amsfonts/cm/cmbx12.pfb><
/usr/local/texlive/2014/texmf-dist/fonts/type1/public/amsfonts/cm/cmcsc10.pfb><
/usr/local/texlive/2014/texmf-dist/fonts/type1/public/amsfonts/cm/cmex10.pfb></
usr/local/texlive/2014/texmf-dist/fonts/type1/public/amsfonts/cm/cmmi10.pfb></u
sr/local/texlive/2014/texmf-dist/fonts/type1/public/amsfonts/cm/cmmi6.pfb></usr
/local/texlive/2014/texmf-dist/fonts/type1/public/amsfonts/cm/cmmi7.pfb></usr/l
ocal/texlive/2014/texmf-dist/fonts/type1/public/amsfonts/cm/cmmi8.pfb></usr/loc
al/texlive/2014/texmf-dist/fonts/type1/public/amsfonts/cm/cmr10.pfb></usr/local
/texlive/2014/texmf-dist/fonts/type1/public/amsfonts/cm/cmr12.pfb></usr/local/t
exlive/2014/texmf-dist/fonts/type1/public/amsfonts/cm/cmr6.pfb></usr/local/texl
ive/2014/texmf-dist/fonts/type1/public/amsfonts/cm/cmr7.pfb></usr/local/texlive
/2014/texmf-dist/fonts/type1/public/amsfonts/cm/cmr8.pfb></usr/local/texlive/20
14/texmf-dist/fonts/type1/public/amsfonts/cm/cmsy10.pfb></usr/local/texlive/201
4/texmf-dist/fonts/type1/public/amsfonts/cm/cmsy8.pfb></usr/local/texlive/2014/
texmf-dist/fonts/type1/public/amsfonts/symbols/msbm10.pfb></usr/local/texlive/2
014/texmf-dist/fonts/type1/public/cm-super/sfbx1095.pfb></usr/local/texlive/201
4/texmf-dist/fonts/type1/public/cm-super/sfbx1200.pfb></usr/local/texlive/2014/
texmf-dist/fonts/type1/public/cm-super/sfbx1440.pfb></usr/local/texlive/2014/te
xmf-dist/fonts/type1/public/cm-super/sfbx2074.pfb></usr/local/texlive/2014/texm
f-dist/fonts/type1/public/cm-super/sfbx2488.pfb></usr/local/texlive/2014/texmf-
dist/fonts/type1/public/cm-super/sfcc1095.pfb></usr/local/texlive/2014/texmf-di
st/fonts/type1/public/cm-super/sfrm0900.pfb></usr/local/texlive/2014/texmf-dist
/fonts/type1/public/cm-super/sfrm1000.pfb></usr/local/texlive/2014/texmf-dist/f
onts/type1/public/cm-super/sfrm1095.pfb></usr/local/texlive/2014/texmf-dist/fon
ts/type1/public/cm-super/sfsl1095.pfb></usr/local/texlive/2014/texmf-dist/fonts
/type1/public/cm-super/sfti1095.pfb>
Output written on main.pdf (68 pages, 2410882 bytes).
PDF statistics:
 475 PDF objects out of 1000 (max. 8388607)
 300 compressed objects within 3 object streams
 0 named destinations out of 1000 (max. 500000)
 171 words of extra memory for PDF output out of 10000 (max. 10000000)

